# JRE version: Java(TM) SE Runtime Environment (8.0_111-b14) (build 1.8.0_111-b14)
# Java VM: Java HotSpot(TM) 64-Bit Server VM (25.111-b14 mixed mode windows-amd64 compressed oops)
Heap:
 PSYoungGen      total 910336K, used 741237K [0x0000000780500000, 0x00000007c0000000, 0x00000007c0000000)
  eden space 900096K, 82% used [0x0000000780500000,0x00000007ad8dd5b8,0x00000007b7400000)
  from space 10240K, 0% used [0x00000007bcf00000,0x00000007bcf00000,0x00000007bd900000)
  to   space 71680K, 0% used [0x00000007b7400000,0x00000007b7400000,0x00000007bba00000)
 ParOldGen       total 377344K, used 185850K [0x0000000700e00000, 0x0000000717e80000, 0x0000000780500000)
  object space 377344K, 49% used [0x0000000700e00000,0x000000070c37ea10,0x0000000717e80000)
 Metaspace       used 15249K, capacity 15483K, committed 15744K, reserved 1062912K
  class space    used 1562K, capacity 1659K, committed 1664K, reserved 1048576K
GC Heap History (10 events):
Event: 7.582 GC heap before
{Heap before GC invocations=12 (full 1):
 PSYoungGen      total 661504K, used 29562K [0x0000000780500000, 0x00000007c0000000, 0x00000007c0000000)
  eden space 622592K, 0% used [0x0000000780500000,0x0000000780500000,0x00000007a6500000)
  from space 38912K, 75% used [0x00000007a6500000,0x00000007a81deae8,0x00000007a8b00000)
  to   space 40448K, 0% used [0x00000007bd880000,0x00000007bd880000,0x00000007c0000000)
 ParOldGen       total 131072K, used 107166K [0x0000000700e00000, 0x0000000708e00000, 0x0000000780500000)
  object space 131072K, 81% used [0x0000000700e00000,0x00000007076a7890,0x0000000708e00000)
 Metaspace       used 12353K, capacity 12623K, committed 12800K, reserved 1060864K
  class space    used 1167K, capacity 1260K, committed 1280K, reserved 1048576K
Event: 7.994 GC heap after
Heap after GC invocations=12 (full 1):
 PSYoungGen      total 661504K, used 0K [0x0000000780500000, 0x00000007c0000000, 0x00000007c0000000)
  eden space 622592K, 0% used [0x0000000780500000,0x0000000780500000,0x00000007a6500000)
  from space 38912K, 0% used [0x00000007a6500000,0x00000007a6500000,0x00000007a8b00000)
  to   space 40448K, 0% used [0x00000007bd880000,0x00000007bd880000,0x00000007c0000000)
 ParOldGen       total 201728K, used 95012K [0x0000000700e00000, 0x000000070d300000, 0x0000000780500000)
  object space 201728K, 47% used [0x0000000700e00000,0x0000000706ac9080,0x000000070d300000)
 Metaspace       used 12353K, capacity 12623K, committed 12800K, reserved 1060864K
  class space    used 1167K, capacity 1260K, committed 1280K, reserved 1048576K
}
Event: 9.348 GC heap before
{Heap before GC invocations=13 (full 1):
 PSYoungGen      total 661504K, used 622592K [0x0000000780500000, 0x00000007c0000000, 0x00000007c0000000)
  eden space 622592K, 100% used [0x0000000780500000,0x00000007a6500000,0x00000007a6500000)
  from space 38912K, 0% used [0x00000007a6500000,0x00000007a6500000,0x00000007a8b00000)
  to   space 40448K, 0% used [0x00000007bd880000,0x00000007bd880000,0x00000007c0000000)
 ParOldGen       total 201728K, used 95012K [0x0000000700e00000, 0x000000070d300000, 0x0000000780500000)
  object space 201728K, 47% used [0x0000000700e00000,0x0000000706ac9080,0x000000070d300000)
 Metaspace       used 12364K, capacity 12623K, committed 12800K, reserved 1060864K
  class space    used 1167K, capacity 1260K, committed 1280K, reserved 1048576K
Event: 9.373 GC heap after
Heap after GC invocations=13 (full 1):
 PSYoungGen      total 773632K, used 32472K [0x0000000780500000, 0x00000007bf880000, 0x00000007c0000000)
  eden space 740864K, 0% used [0x0000000780500000,0x0000000780500000,0x00000007ad880000)
  from space 32768K, 99% used [0x00000007bd880000,0x00000007bf836038,0x00000007bf880000)
  to   space 42496K, 0% used [0x00000007ba580000,0x00000007ba580000,0x00000007bcf00000)
 ParOldGen       total 201728K, used 95020K [0x0000000700e00000, 0x000000070d300000, 0x0000000780500000)
  object space 201728K, 47% used [0x0000000700e00000,0x0000000706acb080,0x000000070d300000)
 Metaspace       used 12364K, capacity 12623K, committed 12800K, reserved 1060864K
  class space    used 1167K, capacity 1260K, committed 1280K, reserved 1048576K
}
Event: 10.985 GC heap before
{Heap before GC invocations=14 (full 1):
 PSYoungGen      total 773632K, used 773336K [0x0000000780500000, 0x00000007bf880000, 0x00000007c0000000)
  eden space 740864K, 100% used [0x0000000780500000,0x00000007ad880000,0x00000007ad880000)
  from space 32768K, 99% used [0x00000007bd880000,0x00000007bf836038,0x00000007bf880000)
  to   space 42496K, 0% used [0x00000007ba580000,0x00000007ba580000,0x00000007bcf00000)
 ParOldGen       total 201728K, used 95020K [0x0000000700e00000, 0x000000070d300000, 0x0000000780500000)
  object space 201728K, 47% used [0x0000000700e00000,0x0000000706acb080,0x000000070d300000)
 Metaspace       used 12364K, capacity 12623K, committed 12800K, reserved 1060864K
  class space    used 1167K, capacity 1260K, committed 1280K, reserved 1048576K
Event: 11.022 GC heap after
Heap after GC invocations=14 (full 1):
 PSYoungGen      total 920576K, used 42488K [0x0000000780500000, 0x00000007bd900000, 0x00000007c0000000)
  eden space 878080K, 0% used [0x0000000780500000,0x0000000780500000,0x00000007b5e80000)
  from space 42496K, 99% used [0x00000007ba580000,0x00000007bcefe038,0x00000007bcf00000)
  to   space 10240K, 0% used [0x00000007bcf00000,0x00000007bcf00000,0x00000007bd900000)
 ParOldGen       total 201728K, used 112724K [0x0000000700e00000, 0x000000070d300000, 0x0000000780500000)
  object space 201728K, 55% used [0x0000000700e00000,0x0000000707c15080,0x000000070d300000)
 Metaspace       used 12364K, capacity 12623K, committed 12800K, reserved 1060864K
  class space    used 1167K, capacity 1260K, committed 1280K, reserved 1048576K
}
Event: 12.902 GC heap before
{Heap before GC invocations=15 (full 1):
 PSYoungGen      total 920576K, used 920568K [0x0000000780500000, 0x00000007bd900000, 0x00000007c0000000)
  eden space 878080K, 100% used [0x0000000780500000,0x00000007b5e80000,0x00000007b5e80000)
  from space 42496K, 99% used [0x00000007ba580000,0x00000007bcefe038,0x00000007bcf00000)
  to   space 10240K, 0% used [0x00000007bcf00000,0x00000007bcf00000,0x00000007bd900000)
 ParOldGen       total 201728K, used 112724K [0x0000000700e00000, 0x000000070d300000, 0x0000000780500000)
  object space 201728K, 55% used [0x0000000700e00000,0x0000000707c15080,0x000000070d300000)
 Metaspace       used 12367K, capacity 12623K, committed 12800K, reserved 1060864K
  class space    used 1167K, capacity 1260K, committed 1280K, reserved 1048576K
Event: 12.949 GC heap after
Heap after GC invocations=15 (full 1):
 PSYoungGen      total 910336K, used 10232K [0x0000000780500000, 0x00000007c0000000, 0x00000007c0000000)
  eden space 900096K, 0% used [0x0000000780500000,0x0000000780500000,0x00000007b7400000)
  from space 10240K, 99% used [0x00000007bcf00000,0x00000007bd8fe020,0x00000007bd900000)
  to   space 71680K, 0% used [0x00000007b7400000,0x00000007b7400000,0x00000007bba00000)
 ParOldGen       total 201728K, used 182368K [0x0000000700e00000, 0x000000070d300000, 0x0000000780500000)
  object space 201728K, 90% used [0x0000000700e00000,0x000000070c018090,0x000000070d300000)
 Metaspace       used 12367K, capacity 12623K, committed 12800K, reserved 1060864K
  class space    used 1167K, capacity 1260K, committed 1280K, reserved 1048576K
}
Event: 12.949 GC heap before
{Heap before GC invocations=16 (full 2):
 PSYoungGen      total 910336K, used 10232K [0x0000000780500000, 0x00000007c0000000, 0x00000007c0000000)
  eden space 900096K, 0% used [0x0000000780500000,0x0000000780500000,0x00000007b7400000)
  from space 10240K, 99% used [0x00000007bcf00000,0x00000007bd8fe020,0x00000007bd900000)
  to   space 71680K, 0% used [0x00000007b7400000,0x00000007b7400000,0x00000007bba00000)
 ParOldGen       total 201728K, used 182368K [0x0000000700e00000, 0x000000070d300000, 0x0000000780500000)
  object space 201728K, 90% used [0x0000000700e00000,0x000000070c018090,0x000000070d300000)
 Metaspace       used 12367K, capacity 12623K, committed 12800K, reserved 1060864K
  class space    used 1167K, capacity 1260K, committed 1280K, reserved 1048576K
Event: 13.547 GC heap after
Heap after GC invocations=16 (full 2):
 PSYoungGen      total 910336K, used 0K [0x0000000780500000, 0x00000007c0000000, 0x00000007c0000000)
  eden space 900096K, 0% used [0x0000000780500000,0x0000000780500000,0x00000007b7400000)
  from space 10240K, 0% used [0x00000007bcf00000,0x00000007bcf00000,0x00000007bd900000)
  to   space 71680K, 0% used [0x00000007b7400000,0x00000007b7400000,0x00000007bba00000)
 ParOldGen       total 377344K, used 185850K [0x0000000700e00000, 0x0000000717e80000, 0x0000000780500000)
  object space 377344K, 49% used [0x0000000700e00000,0x000000070c37ea10,0x0000000717e80000)
 Metaspace       used 12367K, capacity 12623K, committed 12800K, reserved 1060864K
  class space    used 1167K, capacity 1260K, committed 1280K, reserved 1048576K
}

