# JRE version: Java(TM) SE Runtime Environment (8.0_111-b14) (build 1.8.0_111-b14)
# Java VM: Java HotSpot(TM) 64-Bit Server VM (25.111-b14 mixed mode windows-amd64 compressed oops)
Heap:
 PSYoungGen      total 106496K, used 49809K [0x0000000780500000, 0x000000078a700000, 0x00000007c0000000)
  eden space 98304K, 43% used [0x0000000780500000,0x0000000782e798e0,0x0000000786500000)
  from space 8192K, 89% used [0x0000000786500000,0x0000000786c2ab60,0x0000000786d00000)
  to   space 8192K, 0% used [0x0000000789f00000,0x0000000789f00000,0x000000078a700000)
 ParOldGen       total 196096K, used 81335K [0x0000000700e00000, 0x000000070cd80000, 0x0000000780500000)
  object space 196096K, 41% used [0x0000000700e00000,0x0000000705d6dd58,0x000000070cd80000)
 Metaspace       used 21084K, capacity 21379K, committed 21632K, reserved 1069056K
  class space    used 2204K, capacity 2324K, committed 2432K, reserved 1048576K
GC Heap History (8 events):
Event: 0.674 GC heap before
{Heap before GC invocations=1 (full 0):
 PSYoungGen      total 57344K, used 47419K [0x0000000780500000, 0x0000000784500000, 0x00000007c0000000)
  eden space 49152K, 96% used [0x0000000780500000,0x000000078334ed10,0x0000000783500000)
  from space 8192K, 0% used [0x0000000783d00000,0x0000000783d00000,0x0000000784500000)
  to   space 8192K, 0% used [0x0000000783500000,0x0000000783500000,0x0000000783d00000)
 ParOldGen       total 131072K, used 0K [0x0000000700e00000, 0x0000000708e00000, 0x0000000780500000)
  object space 131072K, 0% used [0x0000000700e00000,0x0000000700e00000,0x0000000708e00000)
 Metaspace       used 11446K, capacity 11652K, committed 11776K, reserved 1058816K
  class space    used 1421K, capacity 1515K, committed 1536K, reserved 1048576K
Event: 0.685 GC heap after
Heap after GC invocations=1 (full 0):
 PSYoungGen      total 57344K, used 6936K [0x0000000780500000, 0x0000000787500000, 0x00000007c0000000)
  eden space 49152K, 0% used [0x0000000780500000,0x0000000780500000,0x0000000783500000)
  from space 8192K, 84% used [0x0000000783500000,0x0000000783bc6190,0x0000000783d00000)
  to   space 8192K, 0% used [0x0000000786d00000,0x0000000786d00000,0x0000000787500000)
 ParOldGen       total 131072K, used 44731K [0x0000000700e00000, 0x0000000708e00000, 0x0000000780500000)
  object space 131072K, 34% used [0x0000000700e00000,0x00000007039aed80,0x0000000708e00000)
 Metaspace       used 11446K, capacity 11652K, committed 11776K, reserved 1058816K
  class space    used 1421K, capacity 1515K, committed 1536K, reserved 1048576K
}
Event: 0.872 GC heap before
{Heap before GC invocations=2 (full 0):
 PSYoungGen      total 57344K, used 56088K [0x0000000780500000, 0x0000000787500000, 0x00000007c0000000)
  eden space 49152K, 100% used [0x0000000780500000,0x0000000783500000,0x0000000783500000)
  from space 8192K, 84% used [0x0000000783500000,0x0000000783bc6190,0x0000000783d00000)
  to   space 8192K, 0% used [0x0000000786d00000,0x0000000786d00000,0x0000000787500000)
 ParOldGen       total 131072K, used 71111K [0x0000000700e00000, 0x0000000708e00000, 0x0000000780500000)
  object space 131072K, 54% used [0x0000000700e00000,0x0000000705371d90,0x0000000708e00000)
 Metaspace       used 12948K, capacity 13238K, committed 13568K, reserved 1060864K
  class space    used 1590K, capacity 1680K, committed 1792K, reserved 1048576K
Event: 0.887 GC heap after
Heap after GC invocations=2 (full 0):
 PSYoungGen      total 106496K, used 2500K [0x0000000780500000, 0x0000000787500000, 0x00000007c0000000)
  eden space 98304K, 0% used [0x0000000780500000,0x0000000780500000,0x0000000786500000)
  from space 8192K, 30% used [0x0000000786d00000,0x0000000786f712f8,0x0000000787500000)
  to   space 8192K, 0% used [0x0000000786500000,0x0000000786500000,0x0000000786d00000)
 ParOldGen       total 131072K, used 108782K [0x0000000700e00000, 0x0000000708e00000, 0x0000000780500000)
  object space 131072K, 82% used [0x0000000700e00000,0x000000070783bbb0,0x0000000708e00000)
 Metaspace       used 12948K, capacity 13238K, committed 13568K, reserved 1060864K
  class space    used 1590K, capacity 1680K, committed 1792K, reserved 1048576K
}
Event: 0.887 GC heap before
{Heap before GC invocations=3 (full 1):
 PSYoungGen      total 106496K, used 2500K [0x0000000780500000, 0x0000000787500000, 0x00000007c0000000)
  eden space 98304K, 0% used [0x0000000780500000,0x0000000780500000,0x0000000786500000)
  from space 8192K, 30% used [0x0000000786d00000,0x0000000786f712f8,0x0000000787500000)
  to   space 8192K, 0% used [0x0000000786500000,0x0000000786500000,0x0000000786d00000)
 ParOldGen       total 131072K, used 108782K [0x0000000700e00000, 0x0000000708e00000, 0x0000000780500000)
  object space 131072K, 82% used [0x0000000700e00000,0x000000070783bbb0,0x0000000708e00000)
 Metaspace       used 12948K, capacity 13238K, committed 13568K, reserved 1060864K
  class space    used 1590K, capacity 1680K, committed 1792K, reserved 1048576K
Event: 0.913 GC heap after
Heap after GC invocations=3 (full 1):
 PSYoungGen      total 106496K, used 0K [0x0000000780500000, 0x0000000787500000, 0x00000007c0000000)
  eden space 98304K, 0% used [0x0000000780500000,0x0000000780500000,0x0000000786500000)
  from space 8192K, 0% used [0x0000000786d00000,0x0000000786d00000,0x0000000787500000)
  to   space 8192K, 0% used [0x0000000786500000,0x0000000786500000,0x0000000786d00000)
 ParOldGen       total 196096K, used 81327K [0x0000000700e00000, 0x000000070cd80000, 0x0000000780500000)
  object space 196096K, 41% used [0x0000000700e00000,0x0000000705d6bd58,0x000000070cd80000)
 Metaspace       used 12948K, capacity 13238K, committed 13568K, reserved 1060864K
  class space    used 1590K, capacity 1680K, committed 1792K, reserved 1048576K
}
Event: 8.718 GC heap before
{Heap before GC invocations=4 (full 1):
 PSYoungGen      total 106496K, used 98304K [0x0000000780500000, 0x0000000787500000, 0x00000007c0000000)
  eden space 98304K, 100% used [0x0000000780500000,0x0000000786500000,0x0000000786500000)
  from space 8192K, 0% used [0x0000000786d00000,0x0000000786d00000,0x0000000787500000)
  to   space 8192K, 0% used [0x0000000786500000,0x0000000786500000,0x0000000786d00000)
 ParOldGen       total 196096K, used 81327K [0x0000000700e00000, 0x000000070cd80000, 0x0000000780500000)
  object space 196096K, 41% used [0x0000000700e00000,0x0000000705d6bd58,0x000000070cd80000)
 Metaspace       used 20986K, capacity 21279K, committed 21504K, reserved 1069056K
  class space    used 2194K, capacity 2292K, committed 2304K, reserved 1048576K
Event: 8.724 GC heap after
Heap after GC invocations=4 (full 1):
 PSYoungGen      total 106496K, used 7338K [0x0000000780500000, 0x000000078a700000, 0x00000007c0000000)
  eden space 98304K, 0% used [0x0000000780500000,0x0000000780500000,0x0000000786500000)
  from space 8192K, 89% used [0x0000000786500000,0x0000000786c2ab60,0x0000000786d00000)
  to   space 8192K, 0% used [0x0000000789f00000,0x0000000789f00000,0x000000078a700000)
 ParOldGen       total 196096K, used 81335K [0x0000000700e00000, 0x000000070cd80000, 0x0000000780500000)
  object space 196096K, 41% used [0x0000000700e00000,0x0000000705d6dd58,0x000000070cd80000)
 Metaspace       used 20986K, capacity 21279K, committed 21504K, reserved 1069056K
  class space    used 2194K, capacity 2292K, committed 2304K, reserved 1048576K
}

