# JRE version: Java(TM) SE Runtime Environment (8.0_171-b11) (build 1.8.0_171-b11)
# Java VM: Java HotSpot(TM) 64-Bit Server VM (25.171-b11 mixed mode windows-amd64 compressed oops)
Heap:
 PSYoungGen      total 103936K, used 60053K [0x00000000d5f80000, 0x00000000e0400000, 0x0000000100000000)
  eden space 92160K, 65% used [0x00000000d5f80000,0x00000000d9a255f8,0x00000000db980000)
  from space 11776K, 0% used [0x00000000db980000,0x00000000db980000,0x00000000dc500000)
  to   space 36352K, 0% used [0x00000000de080000,0x00000000de080000,0x00000000e0400000)
 ParOldGen       total 193536K, used 61399K [0x0000000081e00000, 0x000000008db00000, 0x00000000d5f80000)
  object space 193536K, 31% used [0x0000000081e00000,0x00000000859f5ed0,0x000000008db00000)
 Metaspace       used 20658K, capacity 21051K, committed 21376K, reserved 1069056K
  class space    used 2219K, capacity 2324K, committed 2432K, reserved 1048576K
GC Heap History (10 events):
Event: 2.583 GC heap before
{Heap before GC invocations=16 (full 2):
 PSYoungGen      total 92160K, used 83765K [0x00000000d5f80000, 0x00000000dcb80000, 0x0000000100000000)
  eden space 79872K, 100% used [0x00000000d5f80000,0x00000000dad80000,0x00000000dad80000)
  from space 12288K, 31% used [0x00000000dad80000,0x00000000db14d7a0,0x00000000db980000)
  to   space 11776K, 0% used [0x00000000dc000000,0x00000000dc000000,0x00000000dcb80000)
 ParOldGen       total 166912K, used 67807K [0x0000000081e00000, 0x000000008c100000, 0x00000000d5f80000)
  object space 166912K, 40% used [0x0000000081e00000,0x0000000086037f70,0x000000008c100000)
 Metaspace       used 12217K, capacity 12405K, committed 12544K, reserved 1060864K
  class space    used 1153K, capacity 1229K, committed 1280K, reserved 1048576K
Event: 2.586 GC heap after
Heap after GC invocations=16 (full 2):
 PSYoungGen      total 96768K, used 4565K [0x00000000d5f80000, 0x00000000dca00000, 0x0000000100000000)
  eden space 86528K, 0% used [0x00000000d5f80000,0x00000000d5f80000,0x00000000db400000)
  from space 10240K, 44% used [0x00000000dc000000,0x00000000dc4757a0,0x00000000dca00000)
  to   space 11264K, 0% used [0x00000000db400000,0x00000000db400000,0x00000000dbf00000)
 ParOldGen       total 166912K, used 67807K [0x0000000081e00000, 0x000000008c100000, 0x00000000d5f80000)
  object space 166912K, 40% used [0x0000000081e00000,0x0000000086037f70,0x000000008c100000)
 Metaspace       used 12217K, capacity 12405K, committed 12544K, reserved 1060864K
  class space    used 1153K, capacity 1229K, committed 1280K, reserved 1048576K
}
Event: 2.710 GC heap before
{Heap before GC invocations=17 (full 2):
 PSYoungGen      total 96768K, used 91093K [0x00000000d5f80000, 0x00000000dca00000, 0x0000000100000000)
  eden space 86528K, 100% used [0x00000000d5f80000,0x00000000db400000,0x00000000db400000)
  from space 10240K, 44% used [0x00000000dc000000,0x00000000dc4757a0,0x00000000dca00000)
  to   space 11264K, 0% used [0x00000000db400000,0x00000000db400000,0x00000000dbf00000)
 ParOldGen       total 166912K, used 67807K [0x0000000081e00000, 0x000000008c100000, 0x00000000d5f80000)
  object space 166912K, 40% used [0x0000000081e00000,0x0000000086037f70,0x000000008c100000)
 Metaspace       used 12218K, capacity 12405K, committed 12544K, reserved 1060864K
  class space    used 1153K, capacity 1229K, committed 1280K, reserved 1048576K
Event: 2.714 GC heap after
Heap after GC invocations=17 (full 2):
 PSYoungGen      total 97792K, used 5472K [0x00000000d5f80000, 0x00000000dd180000, 0x0000000100000000)
  eden space 86528K, 0% used [0x00000000d5f80000,0x00000000d5f80000,0x00000000db400000)
  from space 11264K, 48% used [0x00000000db400000,0x00000000db958368,0x00000000dbf00000)
  to   space 11776K, 0% used [0x00000000dc600000,0x00000000dc600000,0x00000000dd180000)
 ParOldGen       total 166912K, used 67815K [0x0000000081e00000, 0x000000008c100000, 0x00000000d5f80000)
  object space 166912K, 40% used [0x0000000081e00000,0x0000000086039f70,0x000000008c100000)
 Metaspace       used 12218K, capacity 12405K, committed 12544K, reserved 1060864K
  class space    used 1153K, capacity 1229K, committed 1280K, reserved 1048576K
}
Event: 2.968 GC heap before
{Heap before GC invocations=18 (full 2):
 PSYoungGen      total 97792K, used 92000K [0x00000000d5f80000, 0x00000000dd180000, 0x0000000100000000)
  eden space 86528K, 100% used [0x00000000d5f80000,0x00000000db400000,0x00000000db400000)
  from space 11264K, 48% used [0x00000000db400000,0x00000000db958368,0x00000000dbf00000)
  to   space 11776K, 0% used [0x00000000dc600000,0x00000000dc600000,0x00000000dd180000)
 ParOldGen       total 166912K, used 67815K [0x0000000081e00000, 0x000000008c100000, 0x00000000d5f80000)
  object space 166912K, 40% used [0x0000000081e00000,0x0000000086039f70,0x000000008c100000)
 Metaspace       used 12368K, capacity 12565K, committed 12800K, reserved 1060864K
  class space    used 1183K, capacity 1261K, committed 1280K, reserved 1048576K
Event: 2.972 GC heap after
Heap after GC invocations=18 (full 2):
 PSYoungGen      total 102912K, used 6400K [0x00000000d5f80000, 0x00000000dd080000, 0x0000000100000000)
  eden space 92160K, 0% used [0x00000000d5f80000,0x00000000d5f80000,0x00000000db980000)
  from space 10752K, 59% used [0x00000000dc600000,0x00000000dcc40368,0x00000000dd080000)
  to   space 11776K, 0% used [0x00000000db980000,0x00000000db980000,0x00000000dc500000)
 ParOldGen       total 166912K, used 67815K [0x0000000081e00000, 0x000000008c100000, 0x00000000d5f80000)
  object space 166912K, 40% used [0x0000000081e00000,0x0000000086039f70,0x000000008c100000)
 Metaspace       used 12368K, capacity 12565K, committed 12800K, reserved 1060864K
  class space    used 1183K, capacity 1261K, committed 1280K, reserved 1048576K
}
Event: 5.384 GC heap before
{Heap before GC invocations=19 (full 2):
 PSYoungGen      total 102912K, used 93129K [0x00000000d5f80000, 0x00000000dd080000, 0x0000000100000000)
  eden space 92160K, 94% used [0x00000000d5f80000,0x00000000db432160,0x00000000db980000)
  from space 10752K, 59% used [0x00000000dc600000,0x00000000dcc40368,0x00000000dd080000)
  to   space 11776K, 0% used [0x00000000db980000,0x00000000db980000,0x00000000dc500000)
 ParOldGen       total 166912K, used 67815K [0x0000000081e00000, 0x000000008c100000, 0x00000000d5f80000)
  object space 166912K, 40% used [0x0000000081e00000,0x0000000086039f70,0x000000008c100000)
 Metaspace       used 17066K, capacity 17339K, committed 17664K, reserved 1064960K
  class space    used 1836K, capacity 1953K, committed 2048K, reserved 1048576K
Event: 5.401 GC heap after
Heap after GC invocations=19 (full 2):
 PSYoungGen      total 103936K, used 11773K [0x00000000d5f80000, 0x00000000e0400000, 0x0000000100000000)
  eden space 92160K, 0% used [0x00000000d5f80000,0x00000000d5f80000,0x00000000db980000)
  from space 11776K, 99% used [0x00000000db980000,0x00000000dc4ff5c8,0x00000000dc500000)
  to   space 36352K, 0% used [0x00000000de080000,0x00000000de080000,0x00000000e0400000)
 ParOldGen       total 166912K, used 128230K [0x0000000081e00000, 0x000000008c100000, 0x00000000d5f80000)
  object space 166912K, 76% used [0x0000000081e00000,0x0000000089b39890,0x000000008c100000)
 Metaspace       used 17066K, capacity 17339K, committed 17664K, reserved 1064960K
  class space    used 1836K, capacity 1953K, committed 2048K, reserved 1048576K
}
Event: 5.401 GC heap before
{Heap before GC invocations=20 (full 3):
 PSYoungGen      total 103936K, used 11773K [0x00000000d5f80000, 0x00000000e0400000, 0x0000000100000000)
  eden space 92160K, 0% used [0x00000000d5f80000,0x00000000d5f80000,0x00000000db980000)
  from space 11776K, 99% used [0x00000000db980000,0x00000000dc4ff5c8,0x00000000dc500000)
  to   space 36352K, 0% used [0x00000000de080000,0x00000000de080000,0x00000000e0400000)
 ParOldGen       total 166912K, used 128230K [0x0000000081e00000, 0x000000008c100000, 0x00000000d5f80000)
  object space 166912K, 76% used [0x0000000081e00000,0x0000000089b39890,0x000000008c100000)
 Metaspace       used 17066K, capacity 17339K, committed 17664K, reserved 1064960K
  class space    used 1836K, capacity 1953K, committed 2048K, reserved 1048576K
Event: 5.444 GC heap after
Heap after GC invocations=20 (full 3):
 PSYoungGen      total 103936K, used 0K [0x00000000d5f80000, 0x00000000e0400000, 0x0000000100000000)
  eden space 92160K, 0% used [0x00000000d5f80000,0x00000000d5f80000,0x00000000db980000)
  from space 11776K, 0% used [0x00000000db980000,0x00000000db980000,0x00000000dc500000)
  to   space 36352K, 0% used [0x00000000de080000,0x00000000de080000,0x00000000e0400000)
 ParOldGen       total 193536K, used 61399K [0x0000000081e00000, 0x000000008db00000, 0x00000000d5f80000)
  object space 193536K, 31% used [0x0000000081e00000,0x00000000859f5ed0,0x000000008db00000)
 Metaspace       used 17066K, capacity 17339K, committed 17664K, reserved 1064960K
  class space    used 1836K, capacity 1953K, committed 2048K, reserved 1048576K
}

