# JRE version: Java(TM) SE Runtime Environment (8.0_111-b14) (build 1.8.0_111-b14)
# Java VM: Java HotSpot(TM) 64-Bit Server VM (25.111-b14 mixed mode windows-amd64 compressed oops)
Heap:
 PSYoungGen      total 106496K, used 36696K [0x0000000780500000, 0x0000000789e00000, 0x00000007c0000000)
  eden space 98304K, 30% used [0x0000000780500000,0x00000007821e72f8,0x0000000786500000)
  from space 8192K, 86% used [0x0000000786500000,0x0000000786beef50,0x0000000786d00000)
  to   space 8192K, 0% used [0x0000000789600000,0x0000000789600000,0x0000000789e00000)
 ParOldGen       total 200704K, used 81333K [0x0000000700e00000, 0x000000070d200000, 0x0000000780500000)
  object space 200704K, 40% used [0x0000000700e00000,0x0000000705d6d618,0x000000070d200000)
 Metaspace       used 20959K, capacity 21311K, committed 21632K, reserved 1069056K
  class space    used 2190K, capacity 2324K, committed 2432K, reserved 1048576K
GC Heap History (8 events):
Event: 1.141 GC heap before
{Heap before GC invocations=1 (full 0):
 PSYoungGen      total 57344K, used 46437K [0x0000000780500000, 0x0000000784500000, 0x00000007c0000000)
  eden space 49152K, 94% used [0x0000000780500000,0x0000000783259660,0x0000000783500000)
  from space 8192K, 0% used [0x0000000783d00000,0x0000000783d00000,0x0000000784500000)
  to   space 8192K, 0% used [0x0000000783500000,0x0000000783500000,0x0000000783d00000)
 ParOldGen       total 131072K, used 0K [0x0000000700e00000, 0x0000000708e00000, 0x0000000780500000)
  object space 131072K, 0% used [0x0000000700e00000,0x0000000700e00000,0x0000000708e00000)
 Metaspace       used 11415K, capacity 11588K, committed 11776K, reserved 1058816K
  class space    used 1419K, capacity 1515K, committed 1536K, reserved 1048576K
Event: 1.155 GC heap after
Heap after GC invocations=1 (full 0):
 PSYoungGen      total 57344K, used 6920K [0x0000000780500000, 0x0000000787500000, 0x00000007c0000000)
  eden space 49152K, 0% used [0x0000000780500000,0x0000000780500000,0x0000000783500000)
  from space 8192K, 84% used [0x0000000783500000,0x0000000783bc21a0,0x0000000783d00000)
  to   space 8192K, 0% used [0x0000000786d00000,0x0000000786d00000,0x0000000787500000)
 ParOldGen       total 131072K, used 44731K [0x0000000700e00000, 0x0000000708e00000, 0x0000000780500000)
  object space 131072K, 34% used [0x0000000700e00000,0x00000007039aed80,0x0000000708e00000)
 Metaspace       used 11415K, capacity 11588K, committed 11776K, reserved 1058816K
  class space    used 1419K, capacity 1515K, committed 1536K, reserved 1048576K
}
Event: 2.538 GC heap before
{Heap before GC invocations=2 (full 0):
 PSYoungGen      total 57344K, used 56072K [0x0000000780500000, 0x0000000787500000, 0x00000007c0000000)
  eden space 49152K, 100% used [0x0000000780500000,0x0000000783500000,0x0000000783500000)
  from space 8192K, 84% used [0x0000000783500000,0x0000000783bc21a0,0x0000000783d00000)
  to   space 8192K, 0% used [0x0000000786d00000,0x0000000786d00000,0x0000000787500000)
 ParOldGen       total 131072K, used 71111K [0x0000000700e00000, 0x0000000708e00000, 0x0000000780500000)
  object space 131072K, 54% used [0x0000000700e00000,0x0000000705371d90,0x0000000708e00000)
 Metaspace       used 12938K, capacity 13174K, committed 13312K, reserved 1060864K
  class space    used 1588K, capacity 1680K, committed 1792K, reserved 1048576K
Event: 2.557 GC heap after
Heap after GC invocations=2 (full 0):
 PSYoungGen      total 106496K, used 2564K [0x0000000780500000, 0x0000000787500000, 0x00000007c0000000)
  eden space 98304K, 0% used [0x0000000780500000,0x0000000780500000,0x0000000786500000)
  from space 8192K, 31% used [0x0000000786d00000,0x0000000786f812d8,0x0000000787500000)
  to   space 8192K, 0% used [0x0000000786500000,0x0000000786500000,0x0000000786d00000)
 ParOldGen       total 131072K, used 108782K [0x0000000700e00000, 0x0000000708e00000, 0x0000000780500000)
  object space 131072K, 82% used [0x0000000700e00000,0x000000070783bbb0,0x0000000708e00000)
 Metaspace       used 12938K, capacity 13174K, committed 13312K, reserved 1060864K
  class space    used 1588K, capacity 1680K, committed 1792K, reserved 1048576K
}
Event: 2.557 GC heap before
{Heap before GC invocations=3 (full 1):
 PSYoungGen      total 106496K, used 2564K [0x0000000780500000, 0x0000000787500000, 0x00000007c0000000)
  eden space 98304K, 0% used [0x0000000780500000,0x0000000780500000,0x0000000786500000)
  from space 8192K, 31% used [0x0000000786d00000,0x0000000786f812d8,0x0000000787500000)
  to   space 8192K, 0% used [0x0000000786500000,0x0000000786500000,0x0000000786d00000)
 ParOldGen       total 131072K, used 108782K [0x0000000700e00000, 0x0000000708e00000, 0x0000000780500000)
  object space 131072K, 82% used [0x0000000700e00000,0x000000070783bbb0,0x0000000708e00000)
 Metaspace       used 12938K, capacity 13174K, committed 13312K, reserved 1060864K
  class space    used 1588K, capacity 1680K, committed 1792K, reserved 1048576K
Event: 2.588 GC heap after
Heap after GC invocations=3 (full 1):
 PSYoungGen      total 106496K, used 0K [0x0000000780500000, 0x0000000787500000, 0x00000007c0000000)
  eden space 98304K, 0% used [0x0000000780500000,0x0000000780500000,0x0000000786500000)
  from space 8192K, 0% used [0x0000000786d00000,0x0000000786d00000,0x0000000787500000)
  to   space 8192K, 0% used [0x0000000786500000,0x0000000786500000,0x0000000786d00000)
 ParOldGen       total 200704K, used 81325K [0x0000000700e00000, 0x000000070d200000, 0x0000000780500000)
  object space 200704K, 40% used [0x0000000700e00000,0x0000000705d6b618,0x000000070d200000)
 Metaspace       used 12938K, capacity 13174K, committed 13312K, reserved 1060864K
  class space    used 1588K, capacity 1680K, committed 1792K, reserved 1048576K
}
Event: 10.325 GC heap before
{Heap before GC invocations=4 (full 1):
 PSYoungGen      total 106496K, used 98304K [0x0000000780500000, 0x0000000787500000, 0x00000007c0000000)
  eden space 98304K, 100% used [0x0000000780500000,0x0000000786500000,0x0000000786500000)
  from space 8192K, 0% used [0x0000000786d00000,0x0000000786d00000,0x0000000787500000)
  to   space 8192K, 0% used [0x0000000786500000,0x0000000786500000,0x0000000786d00000)
 ParOldGen       total 200704K, used 81325K [0x0000000700e00000, 0x000000070d200000, 0x0000000780500000)
  object space 200704K, 40% used [0x0000000700e00000,0x0000000705d6b618,0x000000070d200000)
 Metaspace       used 20881K, capacity 21215K, committed 21504K, reserved 1069056K
  class space    used 2178K, capacity 2292K, committed 2304K, reserved 1048576K
Event: 10.332 GC heap after
Heap after GC invocations=4 (full 1):
 PSYoungGen      total 106496K, used 7099K [0x0000000780500000, 0x0000000789e00000, 0x00000007c0000000)
  eden space 98304K, 0% used [0x0000000780500000,0x0000000780500000,0x0000000786500000)
  from space 8192K, 86% used [0x0000000786500000,0x0000000786beef50,0x0000000786d00000)
  to   space 8192K, 0% used [0x0000000789600000,0x0000000789600000,0x0000000789e00000)
 ParOldGen       total 200704K, used 81333K [0x0000000700e00000, 0x000000070d200000, 0x0000000780500000)
  object space 200704K, 40% used [0x0000000700e00000,0x0000000705d6d618,0x000000070d200000)
 Metaspace       used 20881K, capacity 21215K, committed 21504K, reserved 1069056K
  class space    used 2178K, capacity 2292K, committed 2304K, reserved 1048576K
}

