# JRE version: Java(TM) SE Runtime Environment (8.0_171-b11) (build 1.8.0_171-b11)
# Java VM: Java HotSpot(TM) 64-Bit Server VM (25.171-b11 mixed mode windows-amd64 compressed oops)
Heap:
 PSYoungGen      total 242688K, used 210874K [0x00000000d5f80000, 0x00000000ec300000, 0x0000000100000000)
  eden space 228352K, 89% used [0x00000000d5f80000,0x00000000e2821438,0x00000000e3e80000)
  from space 14336K, 37% used [0x00000000e3e80000,0x00000000e43cd7a0,0x00000000e4c80000)
  to   space 13824K, 0% used [0x00000000eb580000,0x00000000eb580000,0x00000000ec300000)
 ParOldGen       total 311296K, used 151899K [0x0000000081e00000, 0x0000000094e00000, 0x00000000d5f80000)
  object space 311296K, 48% used [0x0000000081e00000,0x000000008b256d38,0x0000000094e00000)
 Metaspace       used 21014K, capacity 21441K, committed 21632K, reserved 1069056K
  class space    used 2254K, capacity 2389K, committed 2432K, reserved 1048576K
GC Heap History (10 events):
Event: 14.134 GC heap before
{Heap before GC invocations=8 (full 3):
 PSYoungGen      total 71680K, used 3616K [0x00000000d5f80000, 0x00000000df800000, 0x0000000100000000)
  eden space 66560K, 0% used [0x00000000d5f80000,0x00000000d5f80000,0x00000000da080000)
  from space 5120K, 70% used [0x00000000da080000,0x00000000da408240,0x00000000da580000)
  to   space 15360K, 0% used [0x00000000de900000,0x00000000de900000,0x00000000df800000)
 ParOldGen       total 224256K, used 158353K [0x0000000081e00000, 0x000000008f900000, 0x00000000d5f80000)
  object space 224256K, 70% used [0x0000000081e00000,0x000000008b8a4598,0x000000008f900000)
 Metaspace       used 20664K, capacity 21057K, committed 21376K, reserved 1069056K
  class space    used 2207K, capacity 2325K, committed 2432K, reserved 1048576K
Event: 14.191 GC heap after
Heap after GC invocations=8 (full 3):
 PSYoungGen      total 71680K, used 0K [0x00000000d5f80000, 0x00000000df800000, 0x0000000100000000)
  eden space 66560K, 0% used [0x00000000d5f80000,0x00000000d5f80000,0x00000000da080000)
  from space 5120K, 0% used [0x00000000da080000,0x00000000da080000,0x00000000da580000)
  to   space 15360K, 0% used [0x00000000de900000,0x00000000de900000,0x00000000df800000)
 ParOldGen       total 311296K, used 151883K [0x0000000081e00000, 0x0000000094e00000, 0x00000000d5f80000)
  object space 311296K, 48% used [0x0000000081e00000,0x000000008b252d38,0x0000000094e00000)
 Metaspace       used 20664K, capacity 21057K, committed 21376K, reserved 1069056K
  class space    used 2207K, capacity 2325K, committed 2432K, reserved 1048576K
}
Event: 14.297 GC heap before
{Heap before GC invocations=9 (full 3):
 PSYoungGen      total 71680K, used 66560K [0x00000000d5f80000, 0x00000000df800000, 0x0000000100000000)
  eden space 66560K, 100% used [0x00000000d5f80000,0x00000000da080000,0x00000000da080000)
  from space 5120K, 0% used [0x00000000da080000,0x00000000da080000,0x00000000da580000)
  to   space 15360K, 0% used [0x00000000de900000,0x00000000de900000,0x00000000df800000)
 ParOldGen       total 311296K, used 151883K [0x0000000081e00000, 0x0000000094e00000, 0x00000000d5f80000)
  object space 311296K, 48% used [0x0000000081e00000,0x000000008b252d38,0x0000000094e00000)
 Metaspace       used 20664K, capacity 21057K, committed 21376K, reserved 1069056K
  class space    used 2207K, capacity 2325K, committed 2432K, reserved 1048576K
Event: 14.298 GC heap after
Heap after GC invocations=9 (full 3):
 PSYoungGen      total 140800K, used 0K [0x00000000d5f80000, 0x00000000df800000, 0x0000000100000000)
  eden space 125440K, 0% used [0x00000000d5f80000,0x00000000d5f80000,0x00000000dda00000)
  from space 15360K, 0% used [0x00000000de900000,0x00000000de900000,0x00000000df800000)
  to   space 15360K, 0% used [0x00000000dda00000,0x00000000dda00000,0x00000000de900000)
 ParOldGen       total 311296K, used 151883K [0x0000000081e00000, 0x0000000094e00000, 0x00000000d5f80000)
  object space 311296K, 48% used [0x0000000081e00000,0x000000008b252d38,0x0000000094e00000)
 Metaspace       used 20664K, capacity 21057K, committed 21376K, reserved 1069056K
  class space    used 2207K, capacity 2325K, committed 2432K, reserved 1048576K
}
Event: 14.638 GC heap before
{Heap before GC invocations=10 (full 3):
 PSYoungGen      total 140800K, used 125440K [0x00000000d5f80000, 0x00000000df800000, 0x0000000100000000)
  eden space 125440K, 100% used [0x00000000d5f80000,0x00000000dda00000,0x00000000dda00000)
  from space 15360K, 0% used [0x00000000de900000,0x00000000de900000,0x00000000df800000)
  to   space 15360K, 0% used [0x00000000dda00000,0x00000000dda00000,0x00000000de900000)
 ParOldGen       total 311296K, used 151883K [0x0000000081e00000, 0x0000000094e00000, 0x00000000d5f80000)
  object space 311296K, 48% used [0x0000000081e00000,0x000000008b252d38,0x0000000094e00000)
 Metaspace       used 20695K, capacity 21121K, committed 21376K, reserved 1069056K
  class space    used 2207K, capacity 2325K, committed 2432K, reserved 1048576K
Event: 14.640 GC heap after
Heap after GC invocations=10 (full 3):
 PSYoungGen      total 140800K, used 1028K [0x00000000d5f80000, 0x00000000e5f80000, 0x0000000100000000)
  eden space 125440K, 0% used [0x00000000d5f80000,0x00000000d5f80000,0x00000000dda00000)
  from space 15360K, 6% used [0x00000000dda00000,0x00000000ddb01278,0x00000000de900000)
  to   space 14848K, 0% used [0x00000000e5100000,0x00000000e5100000,0x00000000e5f80000)
 ParOldGen       total 311296K, used 151891K [0x0000000081e00000, 0x0000000094e00000, 0x00000000d5f80000)
  object space 311296K, 48% used [0x0000000081e00000,0x000000008b254d38,0x0000000094e00000)
 Metaspace       used 20695K, capacity 21121K, committed 21376K, reserved 1069056K
  class space    used 2207K, capacity 2325K, committed 2432K, reserved 1048576K
}
Event: 14.850 GC heap before
{Heap before GC invocations=11 (full 3):
 PSYoungGen      total 140800K, used 126468K [0x00000000d5f80000, 0x00000000e5f80000, 0x0000000100000000)
  eden space 125440K, 100% used [0x00000000d5f80000,0x00000000dda00000,0x00000000dda00000)
  from space 15360K, 6% used [0x00000000dda00000,0x00000000ddb01278,0x00000000de900000)
  to   space 14848K, 0% used [0x00000000e5100000,0x00000000e5100000,0x00000000e5f80000)
 ParOldGen       total 311296K, used 151891K [0x0000000081e00000, 0x0000000094e00000, 0x00000000d5f80000)
  object space 311296K, 48% used [0x0000000081e00000,0x000000008b254d38,0x0000000094e00000)
 Metaspace       used 20713K, capacity 21121K, committed 21376K, reserved 1069056K
  class space    used 2208K, capacity 2325K, committed 2432K, reserved 1048576K
Event: 14.854 GC heap after
Heap after GC invocations=11 (full 3):
 PSYoungGen      total 238080K, used 2651K [0x00000000d5f80000, 0x00000000e5a80000, 0x0000000100000000)
  eden space 228352K, 0% used [0x00000000d5f80000,0x00000000d5f80000,0x00000000e3e80000)
  from space 9728K, 27% used [0x00000000e5100000,0x00000000e5396e18,0x00000000e5a80000)
  to   space 14336K, 0% used [0x00000000e3e80000,0x00000000e3e80000,0x00000000e4c80000)
 ParOldGen       total 311296K, used 151891K [0x0000000081e00000, 0x0000000094e00000, 0x00000000d5f80000)
  object space 311296K, 48% used [0x0000000081e00000,0x000000008b254d38,0x0000000094e00000)
 Metaspace       used 20713K, capacity 21121K, committed 21376K, reserved 1069056K
  class space    used 2208K, capacity 2325K, committed 2432K, reserved 1048576K
}
Event: 15.220 GC heap before
{Heap before GC invocations=12 (full 3):
 PSYoungGen      total 238080K, used 231003K [0x00000000d5f80000, 0x00000000e5a80000, 0x0000000100000000)
  eden space 228352K, 100% used [0x00000000d5f80000,0x00000000e3e80000,0x00000000e3e80000)
  from space 9728K, 27% used [0x00000000e5100000,0x00000000e5396e18,0x00000000e5a80000)
  to   space 14336K, 0% used [0x00000000e3e80000,0x00000000e3e80000,0x00000000e4c80000)
 ParOldGen       total 311296K, used 151891K [0x0000000081e00000, 0x0000000094e00000, 0x00000000d5f80000)
  object space 311296K, 48% used [0x0000000081e00000,0x000000008b254d38,0x0000000094e00000)
 Metaspace       used 20723K, capacity 21121K, committed 21376K, reserved 1069056K
  class space    used 2208K, capacity 2325K, committed 2432K, reserved 1048576K
Event: 15.225 GC heap after
Heap after GC invocations=12 (full 3):
 PSYoungGen      total 242688K, used 5429K [0x00000000d5f80000, 0x00000000ec300000, 0x0000000100000000)
  eden space 228352K, 0% used [0x00000000d5f80000,0x00000000d5f80000,0x00000000e3e80000)
  from space 14336K, 37% used [0x00000000e3e80000,0x00000000e43cd7a0,0x00000000e4c80000)
  to   space 13824K, 0% used [0x00000000eb580000,0x00000000eb580000,0x00000000ec300000)
 ParOldGen       total 311296K, used 151899K [0x0000000081e00000, 0x0000000094e00000, 0x00000000d5f80000)
  object space 311296K, 48% used [0x0000000081e00000,0x000000008b256d38,0x0000000094e00000)
 Metaspace       used 20723K, capacity 21121K, committed 21376K, reserved 1069056K
  class space    used 2208K, capacity 2325K, committed 2432K, reserved 1048576K
}

